# JRE version: Java(TM) SE Runtime Environment (21.0.1+12) (build 21.0.1+12-LTS-29)
# Java VM: Java HotSpot(TM) 64-Bit Server VM (21.0.1+12-LTS-29, mixed mode, sharing, tiered, compressed oops, compressed class ptrs, g1 gc, windows-amd64)
GC Precious Log:
 CardTable entry size: 512
 Card Set container configuration: InlinePtr #cards 4 size 8 Array Of Cards #cards 16 size 48 Howl #buckets 8 coarsen threshold 3686 Howl Bitmap #cards 512 size 80 coarsen threshold 460 Card regions per heap region 1 cards per card region 4096
 CPUs: 16 total, 16 available
 Memory: 15789M
 Large Page Support: Disabled
 NUMA Support: Disabled
 Compressed Oops: Enabled (Zero based)
 Heap Region Size: 2M
 Heap Min Capacity: 8M
 Heap Initial Capacity: 248M
 Heap Max Capacity: 3948M
 Pre-touch: Disabled
 Parallel Workers: 13
 Concurrent Workers: 3
 Concurrent Refinement Workers: 13
 Periodic GC: Disabled
Heap:
 garbage-first heap   total 104448K, used 42702K [0x0000000709400000, 0x0000000800000000)
  region size 2048K, 8 young (16384K), 1 survivors (2048K)
 Metaspace       used 27823K, committed 28160K, reserved 1114112K
  class space    used 3112K, committed 3264K, reserved 1048576K
GC Heap History (14 events):
Event: 0.505 GC heap before
{Heap before GC invocations=0 (full 0):
 garbage-first heap   total 253952K, used 22528K [0x0000000709400000, 0x0000000800000000)
  region size 2048K, 11 young (22528K), 0 survivors (0K)
 Metaspace       used 5743K, committed 5952K, reserved 1114112K
  class space    used 655K, committed 768K, reserved 1048576K
}
Event: 0.509 GC heap after
{Heap after GC invocations=1 (full 0):
 garbage-first heap   total 253952K, used 4096K [0x0000000709400000, 0x0000000800000000)
  region size 2048K, 2 young (4096K), 2 survivors (4096K)
 Metaspace       used 5743K, committed 5952K, reserved 1114112K
  class space    used 655K, committed 768K, reserved 1048576K
}
Event: 1.142 GC heap before
{Heap before GC invocations=1 (full 0):
 garbage-first heap   total 253952K, used 36864K [0x0000000709400000, 0x0000000800000000)
  region size 2048K, 18 young (36864K), 2 survivors (4096K)
 Metaspace       used 10453K, committed 10624K, reserved 1114112K
  class space    used 1235K, committed 1344K, reserved 1048576K
}
Event: 1.146 GC heap after
{Heap after GC invocations=2 (full 0):
 garbage-first heap   total 253952K, used 5833K [0x0000000709400000, 0x0000000800000000)
  region size 2048K, 2 young (4096K), 2 survivors (4096K)
 Metaspace       used 10453K, committed 10624K, reserved 1114112K
  class space    used 1235K, committed 1344K, reserved 1048576K
}
Event: 2.672 GC heap before
{Heap before GC invocations=2 (full 0):
 garbage-first heap   total 253952K, used 73417K [0x0000000709400000, 0x0000000800000000)
  region size 2048K, 34 young (69632K), 2 survivors (4096K)
 Metaspace       used 21208K, committed 21504K, reserved 1114112K
  class space    used 2496K, committed 2688K, reserved 1048576K
}
Event: 2.689 GC heap after
{Heap after GC invocations=3 (full 0):
 garbage-first heap   total 253952K, used 11538K [0x0000000709400000, 0x0000000800000000)
  region size 2048K, 4 young (8192K), 4 survivors (8192K)
 Metaspace       used 21208K, committed 21504K, reserved 1114112K
  class space    used 2496K, committed 2688K, reserved 1048576K
}
Event: 3.155 GC heap before
{Heap before GC invocations=4 (full 0):
 garbage-first heap   total 49152K, used 48402K [0x0000000709400000, 0x0000000800000000)
  region size 2048K, 18 young (36864K), 4 survivors (8192K)
 Metaspace       used 25429K, committed 25792K, reserved 1114112K
  class space    used 2918K, committed 3072K, reserved 1048576K
}
Event: 3.173 GC heap after
{Heap after GC invocations=5 (full 0):
 garbage-first heap   total 65536K, used 26955K [0x0000000709400000, 0x0000000800000000)
  region size 2048K, 8 young (16384K), 8 survivors (16384K)
 Metaspace       used 25429K, committed 25792K, reserved 1114112K
  class space    used 2918K, committed 3072K, reserved 1048576K
}
Event: 3.299 GC heap before
{Heap before GC invocations=5 (full 0):
 garbage-first heap   total 65536K, used 41291K [0x0000000709400000, 0x0000000800000000)
  region size 2048K, 15 young (30720K), 8 survivors (16384K)
 Metaspace       used 25640K, committed 26048K, reserved 1114112K
  class space    used 2943K, committed 3136K, reserved 1048576K
}
Event: 3.316 GC heap after
{Heap after GC invocations=6 (full 0):
 garbage-first heap   total 65536K, used 29941K [0x0000000709400000, 0x0000000800000000)
  region size 2048K, 2 young (4096K), 2 survivors (4096K)
 Metaspace       used 25640K, committed 26048K, reserved 1114112K
  class space    used 2943K, committed 3136K, reserved 1048576K
}
Event: 3.710 GC heap before
{Heap before GC invocations=6 (full 0):
 garbage-first heap   total 65536K, used 52469K [0x0000000709400000, 0x0000000800000000)
  region size 2048K, 13 young (26624K), 2 survivors (4096K)
 Metaspace       used 26565K, committed 26880K, reserved 1114112K
  class space    used 3031K, committed 3200K, reserved 1048576K
}
Event: 3.721 GC heap after
{Heap after GC invocations=7 (full 0):
 garbage-first heap   total 65536K, used 32604K [0x0000000709400000, 0x0000000800000000)
  region size 2048K, 2 young (4096K), 2 survivors (4096K)
 Metaspace       used 26565K, committed 26880K, reserved 1114112K
  class space    used 3031K, committed 3200K, reserved 1048576K
}
Event: 4.330 GC heap before
{Heap before GC invocations=7 (full 0):
 garbage-first heap   total 65536K, used 53084K [0x0000000709400000, 0x0000000800000000)
  region size 2048K, 12 young (24576K), 2 survivors (4096K)
 Metaspace       used 27579K, committed 27904K, reserved 1114112K
  class space    used 3110K, committed 3264K, reserved 1048576K
}
Event: 4.338 GC heap after
{Heap after GC invocations=8 (full 0):
 garbage-first heap   total 104448K, used 30414K [0x0000000709400000, 0x0000000800000000)
  region size 2048K, 1 young (2048K), 1 survivors (2048K)
 Metaspace       used 27579K, committed 27904K, reserved 1114112K
  class space    used 3110K, committed 3264K, reserved 1048576K
}

