# JRE version: OpenJDK Runtime Environment Temurin-17.0.10+7 (17.0.10+7) (build 17.0.10+7)
# Java VM: OpenJDK 64-Bit Server VM Temurin-17.0.10+7 (17.0.10+7, mixed mode, tiered, compressed oops, compressed class ptrs, parallel gc, windows-amd64)
GC Precious Log:
 CPUs: 16 total, 16 available
 Memory: 15789M
 Large Page Support: Disabled
 NUMA Support: Disabled
 Compressed Oops: Enabled (32-bit)
 Alignments: Space 512K, Generation 512K, Heap 2M
 Heap Min Capacity: 100M
 Heap Initial Capacity: 100M
 Heap Max Capacity: 1G
 Pre-touch: Disabled
 Parallel Workers: 13
Heap:
 PSYoungGen      total 17408K, used 17380K [0x00000000eab00000, 0x00000000ec500000, 0x0000000100000000)
  eden space 12800K, 100% used [0x00000000eab00000,0x00000000eb780000,0x00000000eb780000)
  from space 4608K, 99% used [0x00000000ebd80000,0x00000000ec1f9200,0x00000000ec200000)
  to   space 6144K, 0% used [0x00000000eb780000,0x00000000eb780000,0x00000000ebd80000)
 ParOldGen       total 315904K, used 264485K [0x00000000c0000000, 0x00000000d3480000, 0x00000000eab00000)
  object space 315904K, 83% used [0x00000000c0000000,0x00000000d02495f8,0x00000000d3480000)
 Metaspace       used 69008K, committed 70144K, reserved 1114112K
  class space    used 7181K, committed 7680K, reserved 1048576K
GC Heap History (20 events):
Event: 12.002 GC heap before
{Heap before GC invocations=98 (full 7):
 PSYoungGen      total 22016K, used 21319K [0x00000000eab00000, 0x00000000ec700000, 0x0000000100000000)
  eden space 15872K, 100% used [0x00000000eab00000,0x00000000eba80000,0x00000000eba80000)
  from space 6144K, 88% used [0x00000000ec080000,0x00000000ec5d1f10,0x00000000ec680000)
  to   space 6144K, 0% used [0x00000000eba80000,0x00000000eba80000,0x00000000ec080000)
 ParOldGen       total 315904K, used 229293K [0x00000000c0000000, 0x00000000d3480000, 0x00000000eab00000)
  object space 315904K, 72% used [0x00000000c0000000,0x00000000cdfeb4c8,0x00000000d3480000)
 Metaspace       used 68031K, committed 69184K, reserved 1114112K
  class space    used 7108K, committed 7616K, reserved 1048576K
}
Event: 12.005 GC heap after
{Heap after GC invocations=98 (full 7):
 PSYoungGen      total 22016K, used 3933K [0x00000000eab00000, 0x00000000ec580000, 0x0000000100000000)
  eden space 15872K, 0% used [0x00000000eab00000,0x00000000eab00000,0x00000000eba80000)
  from space 6144K, 64% used [0x00000000eba80000,0x00000000ebe576c8,0x00000000ec080000)
  to   space 4608K, 0% used [0x00000000ec100000,0x00000000ec100000,0x00000000ec580000)
 ParOldGen       total 315904K, used 234511K [0x00000000c0000000, 0x00000000d3480000, 0x00000000eab00000)
  object space 315904K, 74% used [0x00000000c0000000,0x00000000ce503c60,0x00000000d3480000)
 Metaspace       used 68031K, committed 69184K, reserved 1114112K
  class space    used 7108K, committed 7616K, reserved 1048576K
}
Event: 12.040 GC heap before
{Heap before GC invocations=99 (full 7):
 PSYoungGen      total 22016K, used 19805K [0x00000000eab00000, 0x00000000ec580000, 0x0000000100000000)
  eden space 15872K, 100% used [0x00000000eab00000,0x00000000eba80000,0x00000000eba80000)
  from space 6144K, 64% used [0x00000000eba80000,0x00000000ebe576c8,0x00000000ec080000)
  to   space 4608K, 0% used [0x00000000ec100000,0x00000000ec100000,0x00000000ec580000)
 ParOldGen       total 315904K, used 234511K [0x00000000c0000000, 0x00000000d3480000, 0x00000000eab00000)
  object space 315904K, 74% used [0x00000000c0000000,0x00000000ce503c60,0x00000000d3480000)
 Metaspace       used 68134K, committed 69312K, reserved 1114112K
  class space    used 7124K, committed 7616K, reserved 1048576K
}
Event: 12.044 GC heap after
{Heap after GC invocations=99 (full 7):
 PSYoungGen      total 22016K, used 3666K [0x00000000eab00000, 0x00000000ec500000, 0x0000000100000000)
  eden space 17920K, 0% used [0x00000000eab00000,0x00000000eab00000,0x00000000ebc80000)
  from space 4096K, 89% used [0x00000000ec100000,0x00000000ec494b78,0x00000000ec500000)
  to   space 4096K, 0% used [0x00000000ebd00000,0x00000000ebd00000,0x00000000ec100000)
 ParOldGen       total 315904K, used 238148K [0x00000000c0000000, 0x00000000d3480000, 0x00000000eab00000)
  object space 315904K, 75% used [0x00000000c0000000,0x00000000ce8911a0,0x00000000d3480000)
 Metaspace       used 68134K, committed 69312K, reserved 1114112K
  class space    used 7124K, committed 7616K, reserved 1048576K
}
Event: 12.086 GC heap before
{Heap before GC invocations=100 (full 7):
 PSYoungGen      total 22016K, used 21586K [0x00000000eab00000, 0x00000000ec500000, 0x0000000100000000)
  eden space 17920K, 100% used [0x00000000eab00000,0x00000000ebc80000,0x00000000ebc80000)
  from space 4096K, 89% used [0x00000000ec100000,0x00000000ec494b78,0x00000000ec500000)
  to   space 4096K, 0% used [0x00000000ebd00000,0x00000000ebd00000,0x00000000ec100000)
 ParOldGen       total 315904K, used 238148K [0x00000000c0000000, 0x00000000d3480000, 0x00000000eab00000)
  object space 315904K, 75% used [0x00000000c0000000,0x00000000ce8911a0,0x00000000d3480000)
 Metaspace       used 68329K, committed 69568K, reserved 1114112K
  class space    used 7139K, committed 7680K, reserved 1048576K
}
Event: 12.090 GC heap after
{Heap after GC invocations=100 (full 7):
 PSYoungGen      total 22528K, used 3947K [0x00000000eab00000, 0x00000000ec680000, 0x0000000100000000)
  eden space 18432K, 0% used [0x00000000eab00000,0x00000000eab00000,0x00000000ebd00000)
  from space 4096K, 96% used [0x00000000ebd00000,0x00000000ec0dae68,0x00000000ec100000)
  to   space 4096K, 0% used [0x00000000ec280000,0x00000000ec280000,0x00000000ec680000)
 ParOldGen       total 315904K, used 241560K [0x00000000c0000000, 0x00000000d3480000, 0x00000000eab00000)
  object space 315904K, 76% used [0x00000000c0000000,0x00000000cebe6190,0x00000000d3480000)
 Metaspace       used 68329K, committed 69568K, reserved 1114112K
  class space    used 7139K, committed 7680K, reserved 1048576K
}
Event: 12.134 GC heap before
{Heap before GC invocations=101 (full 7):
 PSYoungGen      total 22528K, used 22379K [0x00000000eab00000, 0x00000000ec680000, 0x0000000100000000)
  eden space 18432K, 100% used [0x00000000eab00000,0x00000000ebd00000,0x00000000ebd00000)
  from space 4096K, 96% used [0x00000000ebd00000,0x00000000ec0dae68,0x00000000ec100000)
  to   space 4096K, 0% used [0x00000000ec280000,0x00000000ec280000,0x00000000ec680000)
 ParOldGen       total 315904K, used 241560K [0x00000000c0000000, 0x00000000d3480000, 0x00000000eab00000)
  object space 315904K, 76% used [0x00000000c0000000,0x00000000cebe6190,0x00000000d3480000)
 Metaspace       used 68410K, committed 69632K, reserved 1114112K
  class space    used 7139K, committed 7680K, reserved 1048576K
}
Event: 12.137 GC heap after
{Heap after GC invocations=101 (full 7):
 PSYoungGen      total 18944K, used 4079K [0x00000000eab00000, 0x00000000ed100000, 0x0000000100000000)
  eden space 14848K, 0% used [0x00000000eab00000,0x00000000eab00000,0x00000000eb980000)
  from space 4096K, 99% used [0x00000000ec280000,0x00000000ec67bc70,0x00000000ec680000)
  to   space 9216K, 0% used [0x00000000eb980000,0x00000000eb980000,0x00000000ec280000)
 ParOldGen       total 315904K, used 245569K [0x00000000c0000000, 0x00000000d3480000, 0x00000000eab00000)
  object space 315904K, 77% used [0x00000000c0000000,0x00000000cefd0450,0x00000000d3480000)
 Metaspace       used 68410K, committed 69632K, reserved 1114112K
  class space    used 7139K, committed 7680K, reserved 1048576K
}
Event: 12.173 GC heap before
{Heap before GC invocations=102 (full 7):
 PSYoungGen      total 18944K, used 18927K [0x00000000eab00000, 0x00000000ed100000, 0x0000000100000000)
  eden space 14848K, 100% used [0x00000000eab00000,0x00000000eb980000,0x00000000eb980000)
  from space 4096K, 99% used [0x00000000ec280000,0x00000000ec67bc70,0x00000000ec680000)
  to   space 9216K, 0% used [0x00000000eb980000,0x00000000eb980000,0x00000000ec280000)
 ParOldGen       total 315904K, used 245569K [0x00000000c0000000, 0x00000000d3480000, 0x00000000eab00000)
  object space 315904K, 77% used [0x00000000c0000000,0x00000000cefd0450,0x00000000d3480000)
 Metaspace       used 68450K, committed 69632K, reserved 1114112K
  class space    used 7143K, committed 7680K, reserved 1048576K
}
Event: 12.176 GC heap after
{Heap after GC invocations=102 (full 7):
 PSYoungGen      total 18944K, used 3932K [0x00000000eab00000, 0x00000000ec600000, 0x0000000100000000)
  eden space 14848K, 0% used [0x00000000eab00000,0x00000000eab00000,0x00000000eb980000)
  from space 4096K, 96% used [0x00000000eb980000,0x00000000ebd57328,0x00000000ebd80000)
  to   space 5632K, 0% used [0x00000000ec080000,0x00000000ec080000,0x00000000ec600000)
 ParOldGen       total 315904K, used 249576K [0x00000000c0000000, 0x00000000d3480000, 0x00000000eab00000)
  object space 315904K, 79% used [0x00000000c0000000,0x00000000cf3ba070,0x00000000d3480000)
 Metaspace       used 68450K, committed 69632K, reserved 1114112K
  class space    used 7143K, committed 7680K, reserved 1048576K
}
Event: 12.213 GC heap before
{Heap before GC invocations=103 (full 7):
 PSYoungGen      total 18944K, used 18780K [0x00000000eab00000, 0x00000000ec600000, 0x0000000100000000)
  eden space 14848K, 100% used [0x00000000eab00000,0x00000000eb980000,0x00000000eb980000)
  from space 4096K, 96% used [0x00000000eb980000,0x00000000ebd57328,0x00000000ebd80000)
  to   space 5632K, 0% used [0x00000000ec080000,0x00000000ec080000,0x00000000ec600000)
 ParOldGen       total 315904K, used 249576K [0x00000000c0000000, 0x00000000d3480000, 0x00000000eab00000)
  object space 315904K, 79% used [0x00000000c0000000,0x00000000cf3ba070,0x00000000d3480000)
 Metaspace       used 68496K, committed 69696K, reserved 1114112K
  class space    used 7143K, committed 7680K, reserved 1048576K
}
Event: 12.216 GC heap after
{Heap after GC invocations=103 (full 7):
 PSYoungGen      total 19456K, used 5612K [0x00000000eab00000, 0x00000000ecb00000, 0x0000000100000000)
  eden space 13824K, 0% used [0x00000000eab00000,0x00000000eab00000,0x00000000eb880000)
  from space 5632K, 99% used [0x00000000ec080000,0x00000000ec5fb038,0x00000000ec600000)
  to   space 8192K, 0% used [0x00000000eb880000,0x00000000eb880000,0x00000000ec080000)
 ParOldGen       total 315904K, used 251136K [0x00000000c0000000, 0x00000000d3480000, 0x00000000eab00000)
  object space 315904K, 79% used [0x00000000c0000000,0x00000000cf540328,0x00000000d3480000)
 Metaspace       used 68496K, committed 69696K, reserved 1114112K
  class space    used 7143K, committed 7680K, reserved 1048576K
}
Event: 12.244 GC heap before
{Heap before GC invocations=104 (full 7):
 PSYoungGen      total 19456K, used 19436K [0x00000000eab00000, 0x00000000ecb00000, 0x0000000100000000)
  eden space 13824K, 100% used [0x00000000eab00000,0x00000000eb880000,0x00000000eb880000)
  from space 5632K, 99% used [0x00000000ec080000,0x00000000ec5fb038,0x00000000ec600000)
  to   space 8192K, 0% used [0x00000000eb880000,0x00000000eb880000,0x00000000ec080000)
 ParOldGen       total 315904K, used 251136K [0x00000000c0000000, 0x00000000d3480000, 0x00000000eab00000)
  object space 315904K, 79% used [0x00000000c0000000,0x00000000cf540328,0x00000000d3480000)
 Metaspace       used 68541K, committed 69760K, reserved 1114112K
  class space    used 7143K, committed 7680K, reserved 1048576K
}
Event: 12.248 GC heap after
{Heap after GC invocations=104 (full 7):
 PSYoungGen      total 17920K, used 3794K [0x00000000eab00000, 0x00000000ec400000, 0x0000000100000000)
  eden space 13824K, 0% used [0x00000000eab00000,0x00000000eab00000,0x00000000eb880000)
  from space 4096K, 92% used [0x00000000eb880000,0x00000000ebc34bd0,0x00000000ebc80000)
  to   space 5120K, 0% used [0x00000000ebf00000,0x00000000ebf00000,0x00000000ec400000)
 ParOldGen       total 315904K, used 256637K [0x00000000c0000000, 0x00000000d3480000, 0x00000000eab00000)
  object space 315904K, 81% used [0x00000000c0000000,0x00000000cfa9f720,0x00000000d3480000)
 Metaspace       used 68541K, committed 69760K, reserved 1114112K
  class space    used 7143K, committed 7680K, reserved 1048576K
}
Event: 12.282 GC heap before
{Heap before GC invocations=105 (full 7):
 PSYoungGen      total 17920K, used 17618K [0x00000000eab00000, 0x00000000ec400000, 0x0000000100000000)
  eden space 13824K, 100% used [0x00000000eab00000,0x00000000eb880000,0x00000000eb880000)
  from space 4096K, 92% used [0x00000000eb880000,0x00000000ebc34bd0,0x00000000ebc80000)
  to   space 5120K, 0% used [0x00000000ebf00000,0x00000000ebf00000,0x00000000ec400000)
 ParOldGen       total 315904K, used 256637K [0x00000000c0000000, 0x00000000d3480000, 0x00000000eab00000)
  object space 315904K, 81% used [0x00000000c0000000,0x00000000cfa9f720,0x00000000d3480000)
 Metaspace       used 68559K, committed 69760K, reserved 1114112K
  class space    used 7143K, committed 7680K, reserved 1048576K
}
Event: 12.285 GC heap after
{Heap after GC invocations=105 (full 7):
 PSYoungGen      total 17920K, used 5102K [0x00000000eab00000, 0x00000000ec900000, 0x0000000100000000)
  eden space 12800K, 0% used [0x00000000eab00000,0x00000000eab00000,0x00000000eb780000)
  from space 5120K, 99% used [0x00000000ebf00000,0x00000000ec3fbb20,0x00000000ec400000)
  to   space 7680K, 0% used [0x00000000eb780000,0x00000000eb780000,0x00000000ebf00000)
 ParOldGen       total 315904K, used 258401K [0x00000000c0000000, 0x00000000d3480000, 0x00000000eab00000)
  object space 315904K, 81% used [0x00000000c0000000,0x00000000cfc58650,0x00000000d3480000)
 Metaspace       used 68559K, committed 69760K, reserved 1114112K
  class space    used 7143K, committed 7680K, reserved 1048576K
}
Event: 12.318 GC heap before
{Heap before GC invocations=106 (full 7):
 PSYoungGen      total 17920K, used 17902K [0x00000000eab00000, 0x00000000ec900000, 0x0000000100000000)
  eden space 12800K, 100% used [0x00000000eab00000,0x00000000eb780000,0x00000000eb780000)
  from space 5120K, 99% used [0x00000000ebf00000,0x00000000ec3fbb20,0x00000000ec400000)
  to   space 7680K, 0% used [0x00000000eb780000,0x00000000eb780000,0x00000000ebf00000)
 ParOldGen       total 315904K, used 258401K [0x00000000c0000000, 0x00000000d3480000, 0x00000000eab00000)
  object space 315904K, 81% used [0x00000000c0000000,0x00000000cfc58650,0x00000000d3480000)
 Metaspace       used 68638K, committed 69824K, reserved 1114112K
  class space    used 7150K, committed 7680K, reserved 1048576K
}
Event: 12.322 GC heap after
{Heap after GC invocations=106 (full 7):
 PSYoungGen      total 16384K, used 3302K [0x00000000eab00000, 0x00000000ec200000, 0x0000000100000000)
  eden space 12800K, 0% used [0x00000000eab00000,0x00000000eab00000,0x00000000eb780000)
  from space 3584K, 92% used [0x00000000eb780000,0x00000000ebab9ba8,0x00000000ebb00000)
  to   space 4608K, 0% used [0x00000000ebd80000,0x00000000ebd80000,0x00000000ec200000)
 ParOldGen       total 315904K, used 263433K [0x00000000c0000000, 0x00000000d3480000, 0x00000000eab00000)
  object space 315904K, 83% used [0x00000000c0000000,0x00000000d01427d8,0x00000000d3480000)
 Metaspace       used 68638K, committed 69824K, reserved 1114112K
  class space    used 7150K, committed 7680K, reserved 1048576K
}
Event: 12.361 GC heap before
{Heap before GC invocations=107 (full 7):
 PSYoungGen      total 16384K, used 16102K [0x00000000eab00000, 0x00000000ec200000, 0x0000000100000000)
  eden space 12800K, 100% used [0x00000000eab00000,0x00000000eb780000,0x00000000eb780000)
  from space 3584K, 92% used [0x00000000eb780000,0x00000000ebab9ba8,0x00000000ebb00000)
  to   space 4608K, 0% used [0x00000000ebd80000,0x00000000ebd80000,0x00000000ec200000)
 ParOldGen       total 315904K, used 263433K [0x00000000c0000000, 0x00000000d3480000, 0x00000000eab00000)
  object space 315904K, 83% used [0x00000000c0000000,0x00000000d01427d8,0x00000000d3480000)
 Metaspace       used 68846K, committed 70016K, reserved 1114112K
  class space    used 7169K, committed 7680K, reserved 1048576K
}
Event: 12.366 GC heap after
{Heap after GC invocations=107 (full 7):
 PSYoungGen      total 17408K, used 4580K [0x00000000eab00000, 0x00000000ec500000, 0x0000000100000000)
  eden space 12800K, 0% used [0x00000000eab00000,0x00000000eab00000,0x00000000eb780000)
  from space 4608K, 99% used [0x00000000ebd80000,0x00000000ec1f9200,0x00000000ec200000)
  to   space 6144K, 0% used [0x00000000eb780000,0x00000000eb780000,0x00000000ebd80000)
 ParOldGen       total 315904K, used 264485K [0x00000000c0000000, 0x00000000d3480000, 0x00000000eab00000)
  object space 315904K, 83% used [0x00000000c0000000,0x00000000d02495f8,0x00000000d3480000)
 Metaspace       used 68846K, committed 70016K, reserved 1114112K
  class space    used 7169K, committed 7680K, reserved 1048576K
}

